build/outputs/logs/manifest-merger-debug-report.txt
-- Merging decision tree log ---
manifest
ADDED from src/main/AndroidManifest.xml:2:1-106:12
	package
		ADDED from src/main/AndroidManifest.xml:3:5-34
		INJECTED from src/main/AndroidManifest.xml
		INJECTED from src/main/AndroidManifest.xml
	android:versionName
		ADDED from src/main/AndroidManifest.xml:5:5-32
		INJECTED from src/main/AndroidManifest.xml
		INJECTED from src/main/AndroidManifest.xml
	android:versionCode
		ADDED from src/main/AndroidManifest.xml:4:5-31
		INJECTED from src/main/AndroidManifest.xml
		INJECTED from src/main/AndroidManifest.xml
	xmlns:android
		ADDED from src/main/AndroidManifest.xml:2:11-69
	android:installLocation
		ADDED from src/main/AndroidManifest.xml:6:5-35
uses-permission#android.permission.INTERNET
ADDED from src/main/AndroidManifest.xml:8:5-67
	android:name
		ADDED from src/main/AndroidManifest.xml:8:22-64
uses-permission#android.permission.ACCESS_COARSE_LOCATION
ADDED from src/main/AndroidManifest.xml:9:5-81
	android:name
		ADDED from src/main/AndroidManifest.xml:9:22-78
uses-permission#android.permission.ACCESS_FINE_LOCATION
ADDED from src/main/AndroidManifest.xml:10:5-79
	android:name
		ADDED from src/main/AndroidManifest.xml:10:22-76
uses-permission#android.permission.ACCESS_NETWORK_STATE
ADDED from src/main/AndroidManifest.xml:11:5-79
	android:name
		ADDED from src/main/AndroidManifest.xml:11:22-76
uses-permission#android.permission.ACCESS_WIFI_STATE
ADDED from src/main/AndroidManifest.xml:12:5-76
	android:name
		ADDED from src/main/AndroidManifest.xml:12:22-73
uses-permission#android.permission.ACCESS_GPS
ADDED from src/main/AndroidManifest.xml:13:5-69
	android:name
		ADDED from src/main/AndroidManifest.xml:13:22-66
uses-permission#android.permission.CAMERA
ADDED from src/main/AndroidManifest.xml:14:5-65
	android:name
		ADDED from src/main/AndroidManifest.xml:14:22-62
uses-permission#android.permission.WRITE_EXTERNAL_STORAGE
ADDED from src/main/AndroidManifest.xml:15:5-81
	android:name
		ADDED from src/main/AndroidManifest.xml:15:22-78
uses-feature#0x00020000
ADDED from src/main/AndroidManifest.xml:18:5-78
	android:glEsVersion
		ADDED from src/main/AndroidManifest.xml:18:19-51
	android:required
		ADDED from src/main/AndroidManifest.xml:18:52-75
uses-feature#android.hardware.camera
ADDED from src/main/AndroidManifest.xml:21:2-81
	android:required
		ADDED from src/main/AndroidManifest.xml:21:55-78
	android:name
		ADDED from src/main/AndroidManifest.xml:21:16-54
uses-feature#android.hardware.location
ADDED from src/main/AndroidManifest.xml:24:2-83
	android:required
		ADDED from src/main/AndroidManifest.xml:24:57-80
	android:name
		ADDED from src/main/AndroidManifest.xml:24:16-56
uses-feature#android.hardware.sensor.accelerometer
ADDED from src/main/AndroidManifest.xml:27:2-95
	android:required
		ADDED from src/main/AndroidManifest.xml:27:69-92
	android:name
		ADDED from src/main/AndroidManifest.xml:27:16-68
uses-feature#android.hardware.sensor.compass
ADDED from src/main/AndroidManifest.xml:30:2-89
	android:required
		ADDED from src/main/AndroidManifest.xml:30:63-86
	android:name
		ADDED from src/main/AndroidManifest.xml:30:16-62
supports-screens
ADDED from src/main/AndroidManifest.xml:33:2-36:35
	android:largeScreens
		ADDED from src/main/AndroidManifest.xml:34:33-60
	android:smallScreens
		ADDED from src/main/AndroidManifest.xml:34:4-32
	android:normalScreens
		ADDED from src/main/AndroidManifest.xml:35:4-32
	android:xlargeScreens
		ADDED from src/main/AndroidManifest.xml:36:4-32
	android:anyDensity
		ADDED from src/main/AndroidManifest.xml:35:33-58
uses-sdk
ADDED from src/main/AndroidManifest.xml:38:5-40:41
MERGED from [:wikitudesdk:] AndroidManifest.xml:7:5-9:41
MERGED from [com.android.support:support-v4:24.2.0] AndroidManifest.xml:21:5-23:54
MERGED from [com.android.support:support-compat:24.2.0] AndroidManifest.xml:21:5-23:58
MERGED from [com.android.support:support-core-utils:24.2.0] AndroidManifest.xml:21:5-23:61
MERGED from [com.android.support:support-media-compat:24.2.0] AndroidManifest.xml:21:5-23:63
MERGED from [com.android.support:support-core-ui:24.2.0] AndroidManifest.xml:21:5-23:58
MERGED from [com.android.support:support-fragment:24.2.0] AndroidManifest.xml:21:5-23:60
	tools:overrideLibrary
		ADDED from [com.android.support:support-v4:24.2.0] AndroidManifest.xml:23:9-51
	android:targetSdkVersion
		ADDED from src/main/AndroidManifest.xml:40:9-38
		INJECTED from src/main/AndroidManifest.xml
		INJECTED from src/main/AndroidManifest.xml
	android:minSdkVersion
		ADDED from src/main/AndroidManifest.xml:39:9-35
		INJECTED from src/main/AndroidManifest.xml
		INJECTED from src/main/AndroidManifest.xml
application
ADDED from src/main/AndroidManifest.xml:44:5-104:19
MERGED from [:wikitudesdk:] AndroidManifest.xml:11:5-15:19
MERGED from [com.android.support:support-v4:24.2.0] AndroidManifest.xml:25:5-20
MERGED from [com.android.support:support-compat:24.2.0] AndroidManifest.xml:25:5-20
MERGED from [com.android.support:support-core-utils:24.2.0] AndroidManifest.xml:25:5-20
MERGED from [com.android.support:support-media-compat:24.2.0] AndroidManifest.xml:25:5-20
MERGED from [com.android.support:support-core-ui:24.2.0] AndroidManifest.xml:25:5-20
MERGED from [com.android.support:support-fragment:24.2.0] AndroidManifest.xml:25:5-20
	android:label
		ADDED from src/main/AndroidManifest.xml:47:9-41
	android:resizeableActivity
		ADDED from src/main/AndroidManifest.xml:49:9-43
	android:allowBackup
		ADDED from src/main/AndroidManifest.xml:45:9-35
	android:icon
		ADDED from src/main/AndroidManifest.xml:46:9-45
	android:theme
		ADDED from src/main/AndroidManifest.xml:48:9-40
activity#com.wiret.arbrowser.KmlFileBrowserActivity
ADDED from src/main/AndroidManifest.xml:50:9-69:20
	android:label
		ADDED from src/main/AndroidManifest.xml:52:13-45
	android:name
		ADDED from src/main/AndroidManifest.xml:51:13-51
intent-filter#android.intent.action.MAIN+android.intent.category.LAUNCHER
ADDED from src/main/AndroidManifest.xml:53:13-58:29
action#android.intent.action.MAIN
ADDED from src/main/AndroidManifest.xml:54:17-69
	android:name
		ADDED from src/main/AndroidManifest.xml:54:25-66
category#android.intent.category.LAUNCHER
ADDED from src/main/AndroidManifest.xml:56:17-77
	android:name
		ADDED from src/main/AndroidManifest.xml:56:27-74
intent-filter#android.intent.action.VIEW+android.intent.category.DEFAULT
ADDED from src/main/AndroidManifest.xml:59:13-68:29
action#android.intent.action.VIEW
ADDED from src/main/AndroidManifest.xml:60:17-69
	android:name
		ADDED from src/main/AndroidManifest.xml:60:25-66
category#android.intent.category.DEFAULT
ADDED from src/main/AndroidManifest.xml:61:17-76
	android:name
		ADDED from src/main/AndroidManifest.xml:61:27-73
data
ADDED from src/main/AndroidManifest.xml:63:17-47
	android:scheme
		ADDED from src/main/AndroidManifest.xml:63:23-44
activity#com.wikitude.samples.MainSamplesListActivity
ADDED from src/main/AndroidManifest.xml:72:9-80
	android:name
		ADDED from src/main/AndroidManifest.xml:72:19-78
activity#com.wikitude.samples.SamplePoiDetailActivity
ADDED from src/main/AndroidManifest.xml:75:9-80
	android:name
		ADDED from src/main/AndroidManifest.xml:75:19-78
activity#com.wiret.arbrowser.ArchitectCamActivity
ADDED from src/main/AndroidManifest.xml:78:9-119
	android:configChanges
		ADDED from src/main/AndroidManifest.xml:78:56-117
	android:name
		ADDED from src/main/AndroidManifest.xml:78:19-55
activity#com.wikitude.samples.MainActivity
ADDED from src/main/AndroidManifest.xml:79:9-131
	android:configChanges
		ADDED from src/main/AndroidManifest.xml:79:68-129
	android:name
		ADDED from src/main/AndroidManifest.xml:79:19-67
activity#com.wikitude.samples.SampleFrontCamActivity
ADDED from src/main/AndroidManifest.xml:80:9-141
	android:configChanges
		ADDED from src/main/AndroidManifest.xml:80:78-139
	android:name
		ADDED from src/main/AndroidManifest.xml:80:19-77
activity#com.wikitude.samples.SamplePluginActivity
ADDED from src/main/AndroidManifest.xml:81:9-139
	android:configChanges
		ADDED from src/main/AndroidManifest.xml:81:76-137
	android:name
		ADDED from src/main/AndroidManifest.xml:81:19-75
activity#com.wikitude.samples.FaceDetectionPluginActivity
ADDED from src/main/AndroidManifest.xml:82:9-146
	android:configChanges
		ADDED from src/main/AndroidManifest.xml:82:83-144
	android:name
		ADDED from src/main/AndroidManifest.xml:82:19-82
activity#com.wikitude.samples.CustomCameraActivity
ADDED from src/main/AndroidManifest.xml:83:9-140
	android:configChanges
		ADDED from src/main/AndroidManifest.xml:83:76-137
	android:name
		ADDED from src/main/AndroidManifest.xml:83:19-75
activity#com.wikitude.samples.MarkerTrackingPluginActivity
ADDED from src/main/AndroidManifest.xml:84:9-147
	android:configChanges
		ADDED from src/main/AndroidManifest.xml:84:84-145
	android:name
		ADDED from src/main/AndroidManifest.xml:84:19-83
activity#com.wiret.arbrowser.PlaceListActivity
ADDED from src/main/AndroidManifest.xml:85:9-116
	android:configChanges
		ADDED from src/main/AndroidManifest.xml:85:53-114
	android:name
		ADDED from src/main/AndroidManifest.xml:85:19-52
activity#com.wikitude.samples.utils.urllauncher.ARchitectUrlLauncherActivity
ADDED from src/main/AndroidManifest.xml:87:9-89:62
	android:label
		ADDED from src/main/AndroidManifest.xml:89:13-59
	android:name
		ADDED from src/main/AndroidManifest.xml:88:13-95
activity#com.wikitude.samples.utils.urllauncher.ARchitectUrlLauncherCamActivity
ADDED from src/main/AndroidManifest.xml:90:9-93:62
	android:label
		ADDED from src/main/AndroidManifest.xml:93:13-59
	android:configChanges
		ADDED from src/main/AndroidManifest.xml:92:13-59
	android:name
		ADDED from src/main/AndroidManifest.xml:91:13-98
activity#com.wikitude.tools.activities.MediaPlayerActivity
ADDED from src/main/AndroidManifest.xml:96:3-102:14
	android:screenOrientation
		ADDED from src/main/AndroidManifest.xml:97:4-41
	android:name
		ADDED from src/main/AndroidManifest.xml:96:13-77
activity#com.wikitude.architect.BrowserActivity
ADDED from [:wikitudesdk:] AndroidManifest.xml:14:9-75
	android:name
		ADDED from [:wikitudesdk:] AndroidManifest.xml:14:19-72